2024-11-02 09:07:23,897 - INFO - Starting CDN Analysis...
2024-11-02 09:07:23,897 - INFO - Credentials configured successfully
2024-11-02 09:07:23,897 - INFO - Generating report for the last 24 hours
2024-11-02 09:07:23,897 - INFO - Querying Cloudflare API for last 24 hours
2024-11-02 09:07:31,946 - ERROR - Error during analysis: `np.float_` was removed in the NumPy 2.0 release. Use `np.float64` instead.
2024-11-02 09:07:31,946 - ERROR - Error generating report: `np.float_` was removed in the NumPy 2.0 release. Use `np.float64` instead.
2024-11-02 09:07:31,946 - ERROR - Error running analysis: `np.float_` was removed in the NumPy 2.0 release. Use `np.float64` instead.
2024-11-02 09:07:31,950 - ERROR - Full traceback:
Traceback (most recent call last):
  File "/home/erfi/cloudflare_api_scripts/current/cdn_analysis.py", line 379, in main
    report = analyzer.generate_report(hours_ago=24)
             ^^^^^^^^^^^^^^^^^^^^^^^^^^^^^^^^^^^^^^
  File "/home/erfi/cloudflare_api_scripts/current/cdn_analysis.py", line 358, in generate_report
    analysis = self.analyze_performance_issues(log_data)
               ^^^^^^^^^^^^^^^^^^^^^^^^^^^^^^^^^^^^^^^^^
  File "/home/erfi/cloudflare_api_scripts/current/cdn_analysis.py", line 246, in analyze_performance_issues
    return self.convert_numeric(analysis)
           ^^^^^^^^^^^^^^^^^^^^^^^^^^^^^^
  File "/home/erfi/cloudflare_api_scripts/current/cdn_analysis.py", line 193, in convert_numeric
    return {k: self.convert_numeric(v) for k, v in obj.items()}
               ^^^^^^^^^^^^^^^^^^^^^^^
  File "/home/erfi/cloudflare_api_scripts/current/cdn_analysis.py", line 195, in convert_numeric
    return [self.convert_numeric(v) for v in obj]
            ^^^^^^^^^^^^^^^^^^^^^^^
  File "/home/erfi/cloudflare_api_scripts/current/cdn_analysis.py", line 193, in convert_numeric
    return {k: self.convert_numeric(v) for k, v in obj.items()}
               ^^^^^^^^^^^^^^^^^^^^^^^
  File "/home/erfi/cloudflare_api_scripts/current/cdn_analysis.py", line 200, in convert_numeric
    elif isinstance(obj, (np.float_, np.float16, np.float32, np.float64)):
                          ^^^^^^^^^
  File "/home/erfi/cloudflare_api_scripts/current/venv/lib/python3.12/site-packages/numpy/__init__.py", line 400, in __getattr__
    raise AttributeError(
AttributeError: `np.float_` was removed in the NumPy 2.0 release. Use `np.float64` instead.

2024-11-02 09:07:46,461 - INFO - Starting CDN Analysis...
2024-11-02 09:07:46,461 - INFO - Credentials configured successfully
2024-11-02 09:07:46,461 - INFO - Generating report for the last 24 hours
2024-11-02 09:07:46,462 - INFO - Querying Cloudflare API for last 24 hours
2024-11-02 09:07:52,179 - ERROR - Error during analysis: `np.float_` was removed in the NumPy 2.0 release. Use `np.float64` instead.
2024-11-02 09:07:52,179 - ERROR - Error generating report: `np.float_` was removed in the NumPy 2.0 release. Use `np.float64` instead.
2024-11-02 09:07:52,179 - ERROR - Error running analysis: `np.float_` was removed in the NumPy 2.0 release. Use `np.float64` instead.
2024-11-02 09:07:52,180 - ERROR - Full traceback:
Traceback (most recent call last):
  File "/home/erfi/cloudflare_api_scripts/current/cdn_analysis.py", line 380, in main
    report = analyzer.generate_report(hours_ago=24)
             ^^^^^^^^^^^^^^^^^^^^^^^^^^^^^^^^^^^^^^
  File "/home/erfi/cloudflare_api_scripts/current/cdn_analysis.py", line 359, in generate_report
    analysis = self.analyze_performance_issues(log_data)
               ^^^^^^^^^^^^^^^^^^^^^^^^^^^^^^^^^^^^^^^^^
  File "/home/erfi/cloudflare_api_scripts/current/cdn_analysis.py", line 247, in analyze_performance_issues
    return self.convert_numeric(analysis)
           ^^^^^^^^^^^^^^^^^^^^^^^^^^^^^^
  File "/home/erfi/cloudflare_api_scripts/current/cdn_analysis.py", line 194, in convert_numeric
    return {k: self.convert_numeric(v) for k, v in obj.items()}
               ^^^^^^^^^^^^^^^^^^^^^^^
  File "/home/erfi/cloudflare_api_scripts/current/cdn_analysis.py", line 196, in convert_numeric
    return [self.convert_numeric(v) for v in obj]
            ^^^^^^^^^^^^^^^^^^^^^^^
  File "/home/erfi/cloudflare_api_scripts/current/cdn_analysis.py", line 194, in convert_numeric
    return {k: self.convert_numeric(v) for k, v in obj.items()}
               ^^^^^^^^^^^^^^^^^^^^^^^
  File "/home/erfi/cloudflare_api_scripts/current/cdn_analysis.py", line 201, in convert_numeric
    elif isinstance(obj, (np.float_, np.float16, np.float32, np.float64)):
                          ^^^^^^^^^
  File "/home/erfi/cloudflare_api_scripts/current/venv/lib/python3.12/site-packages/numpy/__init__.py", line 400, in __getattr__
    raise AttributeError(
AttributeError: `np.float_` was removed in the NumPy 2.0 release. Use `np.float64` instead.

2024-11-02 09:08:40,433 - INFO - Starting CDN Analysis...
2024-11-02 09:08:40,433 - INFO - Credentials configured successfully
2024-11-02 09:08:40,434 - INFO - Generating report for the last 24 hours
2024-11-02 09:08:40,434 - INFO - Querying Cloudflare API for last 24 hours
2024-11-02 09:08:42,371 - ERROR - Error generating report: 'CloudflareLogAnalyzer' object has no attribute '_create_traffic_plot'
2024-11-02 09:08:42,371 - ERROR - Error running analysis: 'CloudflareLogAnalyzer' object has no attribute '_create_traffic_plot'
2024-11-02 09:08:42,372 - ERROR - Full traceback:
Traceback (most recent call last):
  File "/home/erfi/cloudflare_api_scripts/current/cdn_analysis.py", line 378, in main
    report = analyzer.generate_report(hours_ago=24)
             ^^^^^^^^^^^^^^^^^^^^^^^^^^^^^^^^^^^^^^
  File "/home/erfi/cloudflare_api_scripts/current/cdn_analysis.py", line 358, in generate_report
    summary = self.generate_visual_report(analysis)
              ^^^^^^^^^^^^^^^^^^^^^^^^^^^^^^^^^^^^^
  File "/home/erfi/cloudflare_api_scripts/current/cdn_analysis.py", line 321, in generate_visual_report
    self._create_traffic_plot(gs, traffic_df)
    ^^^^^^^^^^^^^^^^^^^^^^^^^
AttributeError: 'CloudflareLogAnalyzer' object has no attribute '_create_traffic_plot'

2024-11-02 09:09:37,493 - INFO - Starting CDN Analysis...
2024-11-02 09:09:37,494 - INFO - Credentials configured successfully
2024-11-02 09:09:37,494 - INFO - Generating report for the last 24 hours
2024-11-02 09:09:37,494 - INFO - Querying Cloudflare API for last 24 hours
2024-11-02 09:09:38,435 - ERROR - Error generating report: 'CloudflareLogAnalyzer' object has no attribute '_create_traffic_plot'
2024-11-02 09:09:38,435 - ERROR - Error running analysis: 'CloudflareLogAnalyzer' object has no attribute '_create_traffic_plot'
2024-11-02 09:09:38,436 - ERROR - Full traceback:
Traceback (most recent call last):
  File "/home/erfi/cloudflare_api_scripts/current/cdn_analysis.py", line 378, in main
    report = analyzer.generate_report(hours_ago=24)
             ^^^^^^^^^^^^^^^^^^^^^^^^^^^^^^^^^^^^^^
  File "/home/erfi/cloudflare_api_scripts/current/cdn_analysis.py", line 358, in generate_report
    summary = self.generate_visual_report(analysis)
              ^^^^^^^^^^^^^^^^^^^^^^^^^^^^^^^^^^^^^
  File "/home/erfi/cloudflare_api_scripts/current/cdn_analysis.py", line 321, in generate_visual_report
    self._create_traffic_plot(gs, traffic_df)
    ^^^^^^^^^^^^^^^^^^^^^^^^^
AttributeError: 'CloudflareLogAnalyzer' object has no attribute '_create_traffic_plot'

2024-11-02 09:09:49,854 - INFO - Starting CDN Analysis...
2024-11-02 09:09:49,854 - INFO - Credentials configured successfully
2024-11-02 09:09:49,855 - INFO - Generating report for the last 24 hours
2024-11-02 09:09:49,855 - INFO - Querying Cloudflare API for last 24 hours
2024-11-02 09:09:50,602 - ERROR - Error during analysis: `np.float_` was removed in the NumPy 2.0 release. Use `np.float64` instead.
2024-11-02 09:09:50,603 - ERROR - Error generating report: `np.float_` was removed in the NumPy 2.0 release. Use `np.float64` instead.
2024-11-02 09:09:50,603 - ERROR - Error running analysis: `np.float_` was removed in the NumPy 2.0 release. Use `np.float64` instead.
2024-11-02 09:09:50,606 - ERROR - Full traceback:
Traceback (most recent call last):
  File "/home/erfi/cloudflare_api_scripts/current/cdn_analysis.py", line 379, in main
    report = analyzer.generate_report(hours_ago=24)
             ^^^^^^^^^^^^^^^^^^^^^^^^^^^^^^^^^^^^^^
  File "/home/erfi/cloudflare_api_scripts/current/cdn_analysis.py", line 358, in generate_report
    analysis = self.analyze_performance_issues(log_data)
               ^^^^^^^^^^^^^^^^^^^^^^^^^^^^^^^^^^^^^^^^^
  File "/home/erfi/cloudflare_api_scripts/current/cdn_analysis.py", line 246, in analyze_performance_issues
    return self.convert_numeric(analysis)
           ^^^^^^^^^^^^^^^^^^^^^^^^^^^^^^
  File "/home/erfi/cloudflare_api_scripts/current/cdn_analysis.py", line 193, in convert_numeric
    return {k: self.convert_numeric(v) for k, v in obj.items()}
               ^^^^^^^^^^^^^^^^^^^^^^^
  File "/home/erfi/cloudflare_api_scripts/current/cdn_analysis.py", line 195, in convert_numeric
    return [self.convert_numeric(v) for v in obj]
            ^^^^^^^^^^^^^^^^^^^^^^^
  File "/home/erfi/cloudflare_api_scripts/current/cdn_analysis.py", line 193, in convert_numeric
    return {k: self.convert_numeric(v) for k, v in obj.items()}
               ^^^^^^^^^^^^^^^^^^^^^^^
  File "/home/erfi/cloudflare_api_scripts/current/cdn_analysis.py", line 200, in convert_numeric
    elif isinstance(obj, (np.float_, np.float16, np.float32, np.float64)):
                          ^^^^^^^^^
  File "/home/erfi/cloudflare_api_scripts/current/venv/lib/python3.12/site-packages/numpy/__init__.py", line 400, in __getattr__
    raise AttributeError(
AttributeError: `np.float_` was removed in the NumPy 2.0 release. Use `np.float64` instead.

